<?xml version="1.0" encoding="UTF-8"?>
<!-- Generated by org.testng.reporters.JUnitReportReporter -->
<testsuite skipped="0" hostname="FaisalKhatri" name="com.Naukri.siteTest.Test.CvUpdate" tests="1" failures="0" timestamp="06 Dec 2017 16:26:37 GMT" time="56.319" errors="0">
  <testcase name="updateCV" time="56.319" classname="com.Naukri.siteTest.Test.CvUpdate"/>
</testsuite> <!-- com.Naukri.siteTest.Test.CvUpdate -->
