<?xml version="1.0" encoding="UTF-8"?>
<!-- Generated by org.testng.reporters.JUnitReportReporter -->
<testsuite skipped="0" hostname="FaisalKhatri" name="com.Naukri.siteTest.CvUpdate" tests="1" failures="0" timestamp="28 Nov 2017 14:12:14 GMT" time="18.134" errors="0">
  <testcase name="updateCV" time="18.134" classname="com.Naukri.siteTest.CvUpdate"/>
</testsuite> <!-- com.Naukri.siteTest.CvUpdate -->
